INFO : 2023/07/05 00:57:15.830572 main.go:39: Запуск драйвера KKT
INFO : 2023/07/05 00:57:15.832081 main.go:54: Начало работы приложения
INFO : 2023/07/05 00:57:16.636244 cookie_utils.go:98: Установлено значение по умолчанию http://localhost:1000
WARN : 2023/07/05 00:57:16.638405 controller.go:146: Попытка закрыть поток, который еще не создан!
INFO : 2023/07/05 01:01:04.697194 main.go:62: Завершение работы приложения
INFO : 2023/07/05 01:01:53.938112 main.go:39: Запуск драйвера KKT
INFO : 2023/07/05 01:01:53.938713 main.go:54: Начало работы приложения
WARN : 2023/07/05 01:01:54.689501 controller.go:146: Попытка закрыть поток, который еще не создан!
INFO : 2023/07/05 01:06:37.513495 main.go:62: Завершение работы приложения
INFO : 2023/07/05 01:06:44.735850 main.go:39: Запуск драйвера KKT
INFO : 2023/07/05 01:06:44.736851 main.go:54: Начало работы приложения
WARN : 2023/07/05 01:06:45.510806 controller.go:146: Попытка закрыть поток, который еще не создан!
INFO : 2023/07/05 01:09:04.768312 main.go:62: Завершение работы приложения
INFO : 2023/07/05 01:09:12.021588 main.go:39: Запуск драйвера KKT
INFO : 2023/07/05 01:09:12.022111 main.go:54: Начало работы приложения
WARN : 2023/07/05 01:09:12.767153 controller.go:146: Попытка закрыть поток, который еще не создан!
INFO : 2023/07/05 01:09:54.720464 main.go:62: Завершение работы приложения
INFO : 2023/07/05 06:23:49.028870 main.go:39: Запуск драйвера KKT
INFO : 2023/07/05 06:23:49.044958 main.go:54: Начало работы приложения
WARN : 2023/07/05 06:23:49.811663 controller.go:146: Попытка закрыть поток, который еще не создан!
INFO : 2023/07/05 06:24:35.140814 main.go:62: Завершение работы приложения
INFO : 2023/07/05 06:24:40.851977 main.go:39: Запуск драйвера KKT
INFO : 2023/07/05 06:24:40.852568 main.go:54: Начало работы приложения
WARN : 2023/07/05 06:24:41.581320 controller.go:146: Попытка закрыть поток, который еще не создан!
INFO : 2023/07/05 06:25:06.261944 main.go:62: Завершение работы приложения
INFO : 2023/07/05 06:25:11.421031 main.go:39: Запуск драйвера KKT
INFO : 2023/07/05 06:25:11.421542 main.go:54: Начало работы приложения
INFO : 2023/07/05 06:25:12.146544 cookie_utils.go:98: Установлено значение по умолчанию http://localhost:1000
WARN : 2023/07/05 06:25:12.146544 controller.go:146: Попытка закрыть поток, который еще не создан!
INFO : 2023/07/05 06:25:49.076112 main.go:62: Завершение работы приложения
INFO : 2023/07/05 07:00:29.406729 main.go:39: Запуск драйвера KKT
INFO : 2023/07/05 07:00:29.407816 main.go:54: Начало работы приложения
WARN : 2023/07/05 07:00:30.140818 controller.go:146: Попытка закрыть поток, который еще не создан!
ERROR: 2023/07/05 07:00:40.560183 s_printer.go:43: Ошибка при проверке работы службы печати: Status Code: 404 Message: Некорректный код статуса ответа Error: internal server error
INFO : 2023/07/05 07:01:12.605154 main.go:62: Завершение работы приложения
INFO : 2023/07/05 07:01:17.086041 main.go:39: Запуск драйвера KKT
INFO : 2023/07/05 07:01:17.087116 main.go:54: Начало работы приложения
WARN : 2023/07/05 07:01:17.832107 controller.go:146: Попытка закрыть поток, который еще не создан!
ERROR: 2023/07/05 07:01:33.846674 s_printer.go:43: Ошибка при проверке работы службы печати: Get "http://localhost:1000/ping": dial tcp [::1]:1000: connectex: No connection could be made because the target machine actively refused it.
INFO : 2023/07/05 07:01:49.254621 main.go:62: Завершение работы приложения
INFO : 2023/07/05 07:04:52.732712 main.go:39: Запуск драйвера KKT
INFO : 2023/07/05 07:04:52.733707 main.go:54: Начало работы приложения
WARN : 2023/07/05 07:04:53.457622 controller.go:146: Попытка закрыть поток, который еще не создан!
INFO : 2023/07/05 07:05:01.492831 main.go:62: Завершение работы приложения
INFO : 2023/07/05 07:12:51.472881 main.go:39: Запуск драйвера KKT
INFO : 2023/07/05 07:12:51.473893 main.go:54: Начало работы приложения
WARN : 2023/07/05 07:12:52.202115 controller.go:146: Попытка закрыть поток, который еще не создан!
ERROR: 2023/07/05 07:13:04.331726 s_printer.go:52: Ошибка при проверке работы службы печати: Ошибка при формировании списка принтеров
INFO : 2023/07/05 07:14:06.615095 main.go:62: Завершение работы приложения
INFO : 2023/07/05 07:14:13.524198 main.go:39: Запуск драйвера KKT
INFO : 2023/07/05 07:14:13.524786 main.go:54: Начало работы приложения
WARN : 2023/07/05 07:14:14.266592 controller.go:146: Попытка закрыть поток, который еще не создан!
ERROR: 2023/07/05 07:14:17.652149 s_printer.go:52: Ошибка при проверке работы службы печати: Ошибка при формировании списка принтеров
INFO : 2023/07/05 07:16:34.957484 main.go:62: Завершение работы приложения
INFO : 2023/07/05 07:17:28.300917 main.go:39: Запуск драйвера KKT
INFO : 2023/07/05 07:17:28.303931 main.go:54: Начало работы приложения
WARN : 2023/07/05 07:17:29.042817 controller.go:146: Попытка закрыть поток, который еще не создан!
INFO : 2023/07/05 07:19:51.429488 main.go:39: Запуск драйвера KKT
INFO : 2023/07/05 07:19:51.429488 main.go:54: Начало работы приложения
WARN : 2023/07/05 07:19:52.170996 controller.go:146: Попытка закрыть поток, который еще не создан!
INFO : 2023/07/05 07:21:56.059321 main.go:62: Завершение работы приложения
INFO : 2023/07/05 07:22:20.398870 main.go:39: Запуск драйвера KKT
INFO : 2023/07/05 07:22:20.399934 main.go:54: Начало работы приложения
WARN : 2023/07/05 07:22:21.130289 controller.go:146: Попытка закрыть поток, который еще не создан!
INFO : 2023/07/05 07:22:35.688625 main.go:62: Завершение работы приложения
INFO : 2023/07/05 07:24:22.551203 main.go:39: Запуск драйвера KKT
INFO : 2023/07/05 07:24:22.551738 main.go:54: Начало работы приложения
WARN : 2023/07/05 07:24:23.282173 controller.go:146: Попытка закрыть поток, который еще не создан!
INFO : 2023/07/05 07:26:33.469959 main.go:62: Завершение работы приложения
INFO : 2023/07/05 07:26:40.676536 main.go:39: Запуск драйвера KKT
INFO : 2023/07/05 07:26:40.676536 main.go:54: Начало работы приложения
WARN : 2023/07/05 07:26:41.425435 controller.go:146: Попытка закрыть поток, который еще не создан!
INFO : 2023/07/05 07:27:27.883388 main.go:62: Завершение работы приложения
INFO : 2023/07/05 09:35:29.863582 main.go:39: Запуск драйвера KKT
INFO : 2023/07/05 09:35:29.864610 main.go:54: Начало работы приложения
WARN : 2023/07/05 09:35:30.594138 controller.go:146: Попытка закрыть поток, который еще не создан!
INFO : 2023/07/05 09:35:37.482735 controller.go:128: Запущен поток прослушивания по адресу: https://tiplace.ru/
INFO : 2023/07/05 09:35:37.483734 s_client.go:37: Установлена длительность попытки запроса на 5s
INFO : 2023/07/05 09:36:01.859044 main.go:62: Завершение работы приложения
INFO : 2023/07/05 10:28:19.101190 main.go:39: Запуск драйвера KKT
INFO : 2023/07/05 10:28:19.103217 main.go:54: Начало работы приложения
INFO : 2023/07/05 10:28:21.482469 fyne.go:251: Данные из сессии подгрузились. Успешная авторизация под пользователем Админ
INFO : 2023/07/05 10:28:33.619811 main.go:62: Завершение работы приложения
INFO : 2023/07/05 10:28:38.325322 main.go:39: Запуск драйвера KKT
INFO : 2023/07/05 10:28:38.326336 main.go:54: Начало работы приложения
INFO : 2023/07/05 10:28:40.709525 fyne.go:251: Данные из сессии подгрузились. Успешная авторизация под пользователем Админ
INFO : 2023/07/05 10:28:57.114203 main.go:62: Завершение работы приложения
INFO : 2023/07/05 10:29:48.960205 main.go:39: Запуск драйвера KKT
INFO : 2023/07/05 10:29:48.960795 main.go:54: Начало работы приложения
INFO : 2023/07/05 10:29:51.367643 fyne.go:251: Данные из сессии подгрузились. Успешная авторизация под пользователем Админ
INFO : 2023/07/05 10:33:23.769709 main.go:62: Завершение работы приложения
INFO : 2023/07/05 10:33:30.311719 main.go:39: Запуск драйвера KKT
INFO : 2023/07/05 10:33:30.312719 main.go:54: Начало работы приложения
INFO : 2023/07/05 10:33:32.684638 fyne.go:252: Данные из сессии подгрузились. Успешная авторизация под пользователем Админ
INFO : 2023/07/05 10:33:42.552803 main.go:62: Завершение работы приложения
INFO : 2023/07/05 10:48:26.742045 main.go:39: Запуск драйвера KKT
INFO : 2023/07/05 10:48:26.742550 main.go:54: Начало работы приложения
INFO : 2023/07/05 10:48:29.155537 fyne.go:253: Данные из сессии подгрузились. Успешная авторизация под пользователем Админ
INFO : 2023/07/05 10:49:13.350782 s_client.go:144: Выполнена печать чека заказа с номером: 186068, uuid: 54338
WARN : 2023/07/05 10:49:30.444877 controller.go:197: Попытка распечатать дупликат чека с ID: 186068, OrderID: 54339
INFO : 2023/07/05 10:49:35.373201 controller.go:221: Принят к печати пользователем
ERROR: 2023/07/05 10:49:38.550057 s_client.go:140: Ошибка во время печати билета с номером 186068, uuid: 54339 : Post "localhost:1000/print": unsupported protocol scheme "localhost"
INFO : 2023/07/05 10:50:12.174385 main.go:62: Завершение работы приложения
INFO : 2023/07/05 10:50:18.824401 main.go:39: Запуск драйвера KKT
INFO : 2023/07/05 10:50:18.824401 main.go:54: Начало работы приложения
INFO : 2023/07/05 10:50:21.220822 fyne.go:253: Данные из сессии подгрузились. Успешная авторизация под пользователем Админ
INFO : 2023/07/05 10:50:23.792030 controller.go:141: Остановлен поток прослушивания по адресу: https://tiplace.ru/
INFO : 2023/07/05 10:50:42.408425 controller.go:128: Запущен поток прослушивания по адресу: https://tiplace.ru/
INFO : 2023/07/05 10:50:42.408425 s_client.go:37: Установлена длительность попытки запроса на 5s
WARN : 2023/07/05 10:50:46.676256 controller.go:197: Попытка распечатать дупликат чека с ID: 186068, OrderID: 54340
WARN : 2023/07/05 10:50:46.676256 controller.go:199: Игнорирование печати дупликата с ID: 186068, OrderID: 54340 - чек был отправлен на печать меньше 15 секунд назад
WARN : 2023/07/05 10:50:59.485954 controller.go:197: Попытка распечатать дупликат чека с ID: 186068, OrderID: 54341
WARN : 2023/07/05 10:50:59.485954 controller.go:199: Игнорирование печати дупликата с ID: 186068, OrderID: 54341 - чек был отправлен на печать меньше 15 секунд назад
INFO : 2023/07/05 10:51:52.219050 s_client.go:144: Выполнена печать чека заказа с номером: 186067, uuid: 54342
WARN : 2023/07/05 10:52:41.672184 controller.go:197: Попытка распечатать дупликат чека с ID: 186067, OrderID: 54343
INFO : 2023/07/05 10:52:50.426522 controller.go:221: Принят к печати пользователем
ERROR: 2023/07/05 10:52:53.784099 s_client.go:140: Ошибка во время печати билета с номером 186067, uuid: 54343 : Status Code: 500 Message: Некорректный код статуса ответа Error: internal server error
INFO : 2023/07/05 10:52:53.785771 controller.go:141: Остановлен поток прослушивания по адресу: https://tiplace.ru/
INFO : 2023/07/05 10:53:07.002279 controller.go:128: Запущен поток прослушивания по адресу: https://tiplace.ru/
INFO : 2023/07/05 10:53:07.002279 s_client.go:37: Установлена длительность попытки запроса на 5s
INFO : 2023/07/05 10:53:33.297091 main.go:62: Завершение работы приложения
INFO : 2023/07/05 10:53:41.093537 main.go:39: Запуск драйвера KKT
INFO : 2023/07/05 10:53:41.094058 main.go:54: Начало работы приложения
INFO : 2023/07/05 10:53:43.469936 fyne.go:253: Данные из сессии подгрузились. Успешная авторизация под пользователем Админ
INFO : 2023/07/05 10:54:01.651213 main.go:62: Завершение работы приложения
INFO : 2023/07/05 10:54:08.861371 main.go:39: Запуск драйвера KKT
INFO : 2023/07/05 10:54:08.861371 main.go:54: Начало работы приложения
INFO : 2023/07/05 10:54:11.237688 fyne.go:253: Данные из сессии подгрузились. Успешная авторизация под пользователем Админ
WARN : 2023/07/05 10:54:17.787782 controller.go:197: Попытка распечатать дупликат чека с ID: 186067, OrderID: 54345
WARN : 2023/07/05 10:54:17.787782 controller.go:199: Игнорирование печати дупликата с ID: 186067, OrderID: 54345 - чек был отправлен на печать меньше 15 секунд назад
WARN : 2023/07/05 10:54:45.641862 controller.go:197: Попытка распечатать дупликат чека с ID: 186067, OrderID: 54346
INFO : 2023/07/05 10:54:50.275466 controller.go:221: Принят к печати пользователем
ERROR: 2023/07/05 10:54:53.783366 s_client.go:140: Ошибка во время печати билета с номером 186067, uuid: 54346 : Status Code: 500 Message: Некорректный код статуса ответа Error: internal server error
INFO : 2023/07/05 10:54:53.784372 controller.go:141: Остановлен поток прослушивания по адресу: https://tiplace.ru/
INFO : 2023/07/05 10:57:06.462980 controller.go:128: Запущен поток прослушивания по адресу: https://tiplace.ru/
INFO : 2023/07/05 10:57:06.462980 s_client.go:37: Установлена длительность попытки запроса на 5s
WARN : 2023/07/05 10:57:12.889049 controller.go:197: Попытка распечатать дупликат чека с ID: 186067, OrderID: 54347
WARN : 2023/07/05 10:57:12.889049 controller.go:199: Игнорирование печати дупликата с ID: 186067, OrderID: 54347 - чек был отправлен на печать меньше 15 секунд назад
WARN : 2023/07/05 10:57:38.853793 controller.go:197: Попытка распечатать дупликат чека с ID: 186067, OrderID: 54348
INFO : 2023/07/05 10:57:39.861041 controller.go:221: Принят к печати пользователем
ERROR: 2023/07/05 10:57:43.134163 s_client.go:140: Ошибка во время печати билета с номером 186067, uuid: 54348 : Status Code: 500 Message: Некорректный код статуса ответа Error: internal server error
INFO : 2023/07/05 10:57:43.143540 controller.go:141: Остановлен поток прослушивания по адресу: https://tiplace.ru/
INFO : 2023/07/05 10:59:01.485240 controller.go:128: Запущен поток прослушивания по адресу: https://tiplace.ru/
INFO : 2023/07/05 10:59:01.485240 s_client.go:37: Установлена длительность попытки запроса на 5s
ERROR: 2023/07/05 10:59:17.075194 s_client.go:140: Ошибка во время печати билета с номером 186067, uuid: 54350 : Post "http://localhost:1000/print": context deadline exceeded (Client.Timeout exceeded while awaiting headers)
INFO : 2023/07/05 11:03:55.421376 main.go:62: Завершение работы приложения
INFO : 2023/07/05 11:04:09.977039 main.go:39: Запуск драйвера KKT
INFO : 2023/07/05 11:04:09.979566 main.go:54: Начало работы приложения
INFO : 2023/07/05 11:04:12.405471 fyne.go:253: Данные из сессии подгрузились. Успешная авторизация под пользователем Админ
INFO : 2023/07/05 11:04:25.316302 main.go:62: Завершение работы приложения
INFO : 2023/07/05 11:04:35.137875 main.go:39: Запуск драйвера KKT
INFO : 2023/07/05 11:04:35.138469 main.go:54: Начало работы приложения
INFO : 2023/07/05 11:04:37.541537 fyne.go:253: Данные из сессии подгрузились. Успешная авторизация под пользователем Админ
WARN : 2023/07/05 11:04:52.754582 controller.go:197: Попытка распечатать дупликат чека с ID: 186067, OrderID: 54351
WARN : 2023/07/05 11:04:52.754582 controller.go:199: Игнорирование печати дупликата с ID: 186067, OrderID: 54351 - чек был отправлен на печать меньше 15 секунд назад
ERROR: 2023/07/05 11:05:04.215062 s_client.go:140: Ошибка во время печати билета с номером 186036, uuid: 54352 : Status Code: 500 Message: Некорректный код статуса ответа Error: internal server error
INFO : 2023/07/05 11:05:04.217653 controller.go:141: Остановлен поток прослушивания по адресу: https://tiplace.ru/
INFO : 2023/07/05 11:05:10.875820 controller.go:128: Запущен поток прослушивания по адресу: https://tiplace.ru/
INFO : 2023/07/05 11:05:10.876326 s_client.go:37: Установлена длительность попытки запроса на 5s
ERROR: 2023/07/05 11:05:55.393533 s_client.go:140: Ошибка во время печати билета с номером 186067, uuid: 54353 : Status Code: 201 Message: Некорректный код статуса ответа Error: internal server error
INFO : 2023/07/05 11:08:38.363003 main.go:62: Завершение работы приложения
INFO : 2023/07/05 11:08:45.431136 main.go:39: Запуск драйвера KKT
INFO : 2023/07/05 11:08:45.432139 main.go:54: Начало работы приложения
INFO : 2023/07/05 11:08:47.823816 fyne.go:253: Данные из сессии подгрузились. Успешная авторизация под пользователем Админ
WARN : 2023/07/05 11:08:56.602891 controller.go:197: Попытка распечатать дупликат чека с ID: 186067, OrderID: 54354
WARN : 2023/07/05 11:08:56.602891 controller.go:199: Игнорирование печати дупликата с ID: 186067, OrderID: 54354 - чек был отправлен на печать меньше 15 секунд назад
ERROR: 2023/07/05 11:09:07.865100 s_client.go:140: Ошибка во время печати билета с номером 186036, uuid: 54355 : Status Code: 500 Message: Некорректный код статуса ответа Error: internal server error
INFO : 2023/07/05 11:09:07.867097 controller.go:141: Остановлен поток прослушивания по адресу: https://tiplace.ru/
INFO : 2023/07/05 11:10:42.916647 controller.go:128: Запущен поток прослушивания по адресу: https://tiplace.ru/
INFO : 2023/07/05 11:10:42.916647 s_client.go:37: Установлена длительность попытки запроса на 5s
ERROR: 2023/07/05 11:11:07.869189 s_client.go:140: Ошибка во время печати билета с номером 186036, uuid: 54357 : Post "http://localhost:1000/print": context deadline exceeded (Client.Timeout exceeded while awaiting headers)
INFO : 2023/07/05 11:11:35.202123 s_client.go:144: Выполнена печать чека заказа с номером: 186067, uuid: 54358
INFO : 2023/07/05 11:11:59.931718 main.go:62: Завершение работы приложения
INFO : 2023/07/05 11:12:17.889608 main.go:39: Запуск драйвера KKT
INFO : 2023/07/05 11:12:17.890608 main.go:54: Начало работы приложения
INFO : 2023/07/05 11:12:20.270064 fyne.go:253: Данные из сессии подгрузились. Успешная авторизация под пользователем Админ
INFO : 2023/07/05 11:12:25.275493 controller.go:141: Остановлен поток прослушивания по адресу: https://tiplace.ru/
INFO : 2023/07/05 11:12:45.672856 controller.go:128: Запущен поток прослушивания по адресу: https://tiplace.ru/
INFO : 2023/07/05 11:12:45.672856 s_client.go:37: Установлена длительность попытки запроса на 5s
INFO : 2023/07/05 11:12:53.918582 s_client.go:144: Выполнена печать чека заказа с номером: 186036, uuid: 54360
WARN : 2023/07/05 11:13:02.492995 controller.go:197: Попытка распечатать дупликат чека с ID: 186036, OrderID: 54361
WARN : 2023/07/05 11:13:02.493994 controller.go:199: Игнорирование печати дупликата с ID: 186036, OrderID: 54361 - чек был отправлен на печать меньше 15 секунд назад
INFO : 2023/07/05 11:13:15.341647 s_client.go:144: Выполнена печать чека заказа с номером: 186067, uuid: 54362
INFO : 2023/07/05 11:13:24.346510 controller.go:141: Остановлен поток прослушивания по адресу: https://tiplace.ru/
INFO : 2023/07/05 11:13:26.649207 main.go:62: Завершение работы приложения
INFO : 2023/07/05 11:13:41.592346 main.go:39: Запуск драйвера KKT
INFO : 2023/07/05 11:13:41.592872 main.go:54: Начало работы приложения
WARN : 2023/07/05 11:13:42.321253 controller.go:146: Попытка закрыть поток, который еще не создан!
INFO : 2023/07/05 11:13:48.157252 controller.go:128: Запущен поток прослушивания по адресу: https://tiplace.ru/
INFO : 2023/07/05 11:13:48.157252 s_client.go:37: Установлена длительность попытки запроса на 5s
ERROR: 2023/07/05 11:13:59.143754 s_client.go:140: Ошибка во время печати билета с номером 186036, uuid: 54363 : Status Code: 500 Message: Некорректный код статуса ответа Error: internal server error
INFO : 2023/07/05 11:13:59.145804 controller.go:141: Остановлен поток прослушивания по адресу: https://tiplace.ru/
INFO : 2023/07/05 11:15:31.937421 main.go:62: Завершение работы приложения
INFO : 2023/07/05 11:15:39.109094 main.go:39: Запуск драйвера KKT
INFO : 2023/07/05 11:15:39.110111 main.go:54: Начало работы приложения
WARN : 2023/07/05 11:15:39.853331 controller.go:146: Попытка закрыть поток, который еще не создан!
INFO : 2023/07/05 11:15:46.640134 controller.go:128: Запущен поток прослушивания по адресу: https://tiplace.ru/
INFO : 2023/07/05 11:15:46.640134 s_client.go:37: Установлена длительность попытки запроса на 5s
ERROR: 2023/07/05 11:15:58.677084 s_client.go:140: Ошибка во время печати билета с номером 186067, uuid: 54364 : Status Code: 500 Message: Некорректный код статуса ответа Error: internal server error
INFO : 2023/07/05 11:15:58.678131 controller.go:141: Остановлен поток прослушивания по адресу: https://tiplace.ru/
INFO : 2023/07/05 11:16:11.478459 main.go:62: Завершение работы приложения
INFO : 2023/07/05 11:17:07.293435 main.go:39: Запуск драйвера KKT
INFO : 2023/07/05 11:17:07.294456 main.go:54: Начало работы приложения
WARN : 2023/07/05 11:17:08.024305 controller.go:146: Попытка закрыть поток, который еще не создан!
INFO : 2023/07/05 11:18:46.221407 controller.go:128: Запущен поток прослушивания по адресу: https://tiplace.ru/
INFO : 2023/07/05 11:18:46.222410 s_client.go:37: Установлена длительность попытки запроса на 5s
INFO : 2023/07/05 11:19:07.141982 s_client.go:144: Выполнена печать чека заказа с номером: 186036, uuid: 54365
INFO : 2023/07/05 11:20:40.048330 main.go:62: Завершение работы приложения
INFO : 2023/07/05 11:20:46.000629 main.go:39: Запуск драйвера KKT
INFO : 2023/07/05 11:20:46.000629 main.go:54: Начало работы приложения
INFO : 2023/07/05 11:20:48.412299 fyne.go:253: Данные из сессии подгрузились. Успешная авторизация под пользователем Админ
INFO : 2023/07/05 11:21:08.189735 s_client.go:144: Выполнена печать чека заказа с номером: 186067, uuid: 54366
INFO : 2023/07/05 11:21:19.277629 s_client.go:144: Выполнена печать чека заказа с номером: 186036, uuid: 54367
INFO : 2023/07/05 11:27:23.272514 main.go:62: Завершение работы приложения
INFO : 2023/07/05 11:27:30.645368 main.go:39: Запуск драйвера KKT
INFO : 2023/07/05 11:27:30.646411 main.go:54: Начало работы приложения
INFO : 2023/07/05 11:27:38.697250 fyne.go:253: Данные из сессии подгрузились. Успешная авторизация под пользователем Админ
WARN : 2023/07/05 11:27:49.643840 controller.go:197: Попытка распечатать дупликат чека с ID: 186036, OrderID: 54368
WARN : 2023/07/05 11:27:49.644847 controller.go:199: Игнорирование печати дупликата с ID: 186036, OrderID: 54368 - чек был отправлен на печать меньше 15 секунд назад
INFO : 2023/07/05 11:28:10.521327 s_client.go:144: Выполнена печать чека заказа с номером: 186067, uuid: 54369
WARN : 2023/07/05 11:29:14.925777 controller.go:197: Попытка распечатать дупликат чека с ID: 186067, OrderID: 54370
INFO : 2023/07/05 11:29:18.644245 controller.go:221: Принят к печати пользователем
INFO : 2023/07/05 11:29:28.096069 s_client.go:144: Выполнена печать чека заказа с номером: 186067, uuid: 54370
INFO : 2023/07/05 11:29:36.738761 s_client.go:144: Выполнена печать чека заказа с номером: 186036, uuid: 54371
INFO : 2023/07/05 11:30:40.233288 main.go:62: Завершение работы приложения
INFO : 2023/07/05 11:30:47.293335 main.go:39: Запуск драйвера KKT
INFO : 2023/07/05 11:30:47.294415 main.go:54: Начало работы приложения
INFO : 2023/07/05 11:30:49.695259 fyne.go:253: Данные из сессии подгрузились. Успешная авторизация под пользователем Админ
WARN : 2023/07/05 11:30:58.388665 controller.go:197: Попытка распечатать дупликат чека с ID: 186036, OrderID: 54372
WARN : 2023/07/05 11:30:58.389665 controller.go:199: Игнорирование печати дупликата с ID: 186036, OrderID: 54372 - чек был отправлен на печать меньше 15 секунд назад
INFO : 2023/07/05 11:31:08.198307 s_client.go:144: Выполнена печать чека заказа с номером: 186067, uuid: 54373
WARN : 2023/07/05 11:31:23.174087 controller.go:197: Попытка распечатать дупликат чека с ID: 186067, OrderID: 54374
INFO : 2023/07/05 11:31:32.995292 controller.go:221: Принят к печати пользователем
INFO : 2023/07/05 11:31:36.253031 s_client.go:144: Выполнена печать чека заказа с номером: 186067, uuid: 54374
INFO : 2023/07/05 11:31:47.743455 s_client.go:144: Выполнена печать чека заказа с номером: 186036, uuid: 54375
INFO : 2023/07/05 11:31:49.806538 main.go:62: Завершение работы приложения
INFO : 2023/07/05 11:32:23.693795 main.go:39: Запуск драйвера KKT
INFO : 2023/07/05 11:32:23.694916 main.go:54: Начало работы приложения
INFO : 2023/07/05 11:32:26.115407 fyne.go:253: Данные из сессии подгрузились. Успешная авторизация под пользователем Админ
INFO : 2023/07/05 11:32:48.456300 s_client.go:144: Выполнена печать чека заказа с номером: 186036, uuid: 54377
INFO : 2023/07/05 11:36:48.971056 main.go:62: Завершение работы приложения
INFO : 2023/07/05 11:36:55.643146 main.go:39: Запуск драйвера KKT
INFO : 2023/07/05 11:36:55.644147 main.go:54: Начало работы приложения
INFO : 2023/07/05 11:36:58.062808 fyne.go:253: Данные из сессии подгрузились. Успешная авторизация под пользователем Админ
WARN : 2023/07/05 11:37:13.369695 controller.go:197: Попытка распечатать дупликат чека с ID: 186036, OrderID: 54378
WARN : 2023/07/05 11:37:13.369695 controller.go:199: Игнорирование печати дупликата с ID: 186036, OrderID: 54378 - чек был отправлен на печать меньше 15 секунд назад
INFO : 2023/07/05 11:37:24.880398 s_client.go:144: Выполнена печать чека заказа с номером: 186067, uuid: 54379
INFO : 2023/07/05 11:37:55.881871 main.go:62: Завершение работы приложения
INFO : 2023/07/05 11:38:04.871549 main.go:39: Запуск драйвера KKT
INFO : 2023/07/05 11:38:04.872140 main.go:54: Начало работы приложения
INFO : 2023/07/05 11:38:07.249761 fyne.go:253: Данные из сессии подгрузились. Успешная авторизация под пользователем Админ
INFO : 2023/07/05 11:38:33.162460 s_client.go:144: Выполнена печать чека заказа с номером: 186036, uuid: 54380
WARN : 2023/07/05 11:55:20.449838 controller.go:197: Попытка распечатать дупликат чека с ID: 186036, OrderID: 54381
INFO : 2023/07/05 11:55:23.634701 controller.go:221: Принят к печати пользователем
INFO : 2023/07/05 11:55:34.228645 s_client.go:144: Выполнена печать чека заказа с номером: 186036, uuid: 54381
INFO : 2023/07/05 12:03:00.814113 main.go:62: Завершение работы приложения
INFO : 2023/07/05 12:03:08.864658 main.go:39: Запуск драйвера KKT
INFO : 2023/07/05 12:03:08.865731 main.go:54: Начало работы приложения
INFO : 2023/07/05 12:03:11.475607 fyne.go:253: Данные из сессии подгрузились. Успешная авторизация под пользователем Админ
WARN : 2023/07/05 12:03:22.381619 controller.go:197: Попытка распечатать дупликат чека с ID: 186036, OrderID: 54382
WARN : 2023/07/05 12:03:22.381619 controller.go:199: Игнорирование печати дупликата с ID: 186036, OrderID: 54382 - чек был отправлен на печать меньше 15 секунд назад
INFO : 2023/07/05 12:03:39.822013 s_client.go:144: Выполнена печать чека заказа с номером: 186067, uuid: 54383
INFO : 2023/07/05 12:04:39.929356 s_client.go:144: Выполнена печать чека заказа с номером: 186036, uuid: 54384
WARN : 2023/07/05 12:04:57.180960 controller.go:197: Попытка распечатать дупликат чека с ID: 186036, OrderID: 54385
INFO : 2023/07/05 12:04:58.340986 controller.go:221: Принят к печати пользователем
INFO : 2023/07/05 12:05:06.897343 s_client.go:144: Выполнена печать чека заказа с номером: 186036, uuid: 54385
WARN : 2023/07/05 12:41:17.019267 s_client.go:130: Ошибка во время печати чека продажи заказа с номером 185844, uuid: 54386, ККТ: Message: Чек не печатается по причине: заказ с нулевыми позициями Error: error of business validation
WARN : 2023/07/05 12:43:53.021682 s_client.go:130: Ошибка во время печати чека продажи заказа с номером 185805, uuid: 54387, ККТ: Message: Чек не печатается по причине: заказ с нулевыми позициями Error: error of business validation
ERROR: 2023/07/05 13:30:17.523658 s_client.go:140: Ошибка во время печати билета с номером 186077, uuid: 54388 : Post "http://localhost:1000/print": context deadline exceeded (Client.Timeout exceeded while awaiting headers)
ERROR: 2023/07/05 14:32:10.303973 s_client.go:140: Ошибка во время печати билета с номером 184616, uuid: 54389 : Post "http://localhost:1000/print": context deadline exceeded (Client.Timeout exceeded while awaiting headers)
ERROR: 2023/07/05 15:48:10.615891 s_client.go:59: Во время запроса к истории печати произошла ошибка: Message: Ошибка при выполнении запроса Error: Get "https://tiplace.ru/api/print-requests/by-user/1": read tcp 192.168.0.194:57505->172.67.194.202:443: wsarecv: An existing connection was forcibly closed by the remote host.
WARN : 2023/07/05 15:48:10.615891 s_client.go:60: [Операция закончилась неуспешно, запуск повторных попыток подключения]
INFO : 2023/07/05 15:48:12.975340 s_client.go:69: [Попытка номер 1] -> Попытка завершена успешно, операция выполнена
INFO : 2023/07/05 16:14:09.361132 main.go:62: Завершение работы приложения
INFO : 2023/07/05 17:55:44.292703 main.go:39: Запуск драйвера KKT
INFO : 2023/07/05 17:55:44.293208 main.go:54: Начало работы приложения
INFO : 2023/07/05 17:55:46.704944 fyne.go:253: Данные из сессии подгрузились. Успешная авторизация под пользователем Админ
INFO : 2023/07/05 17:56:35.545604 controller.go:141: Остановлен поток прослушивания по адресу: https://tiplace.ru/
INFO : 2023/07/05 18:00:40.169892 main.go:62: Завершение работы приложения
INFO : 2023/07/05 18:00:47.044041 main.go:39: Запуск драйвера KKT
INFO : 2023/07/05 18:00:47.045556 main.go:54: Начало работы приложения
WARN : 2023/07/05 18:00:47.782515 controller.go:146: Попытка закрыть поток, который еще не создан!
INFO : 2023/07/05 18:02:09.169439 main.go:62: Завершение работы приложения
INFO : 2023/07/05 18:02:16.561054 main.go:39: Запуск драйвера KKT
INFO : 2023/07/05 18:02:16.561054 main.go:54: Начало работы приложения
WARN : 2023/07/05 18:02:17.305264 controller.go:146: Попытка закрыть поток, который еще не создан!
ERROR: 2023/07/05 18:02:34.182048 s_printer.go:46: Ошибка при проверке работы службы печати: Get "http://localhost:12/ping": dial tcp [::1]:12: connectex: No connection could be made because the target machine actively refused it.
ERROR: 2023/07/05 18:02:39.323727 s_printer.go:55: Ошибка при проверке работы службы печати: Get "http://localhost:12/printer": dial tcp [::1]:12: connectex: No connection could be made because the target machine actively refused it.
INFO : 2023/07/05 18:02:46.446079 main.go:62: Завершение работы приложения
INFO : 2023/07/05 18:02:52.819831 main.go:39: Запуск драйвера KKT
INFO : 2023/07/05 18:02:52.819831 main.go:54: Начало работы приложения
WARN : 2023/07/05 18:02:53.560350 controller.go:146: Попытка закрыть поток, который еще не создан!
INFO : 2023/07/05 18:05:42.800448 main.go:62: Завершение работы приложения
INFO : 2023/07/05 18:05:48.762360 main.go:39: Запуск драйвера KKT
INFO : 2023/07/05 18:05:48.763428 main.go:54: Начало работы приложения
WARN : 2023/07/05 18:05:49.492580 controller.go:146: Попытка закрыть поток, который еще не создан!
ERROR: 2023/07/05 18:06:10.124191 s_printer.go:46: Ошибка при проверке работы службы печати: Get "http://localhost:1211/ping": dial tcp [::1]:1211: connectex: No connection could be made because the target machine actively refused it.
ERROR: 2023/07/05 18:06:17.466082 s_printer.go:46: Ошибка при проверке работы службы печати: Get "http://localhost:1211/ping": dial tcp [::1]:1211: connectex: No connection could be made because the target machine actively refused it.
ERROR: 2023/07/05 18:06:29.250647 s_printer.go:46: Ошибка при проверке работы службы печати: Get "http://localhost:12113/ping": dial tcp [::1]:12113: connectex: No connection could be made because the target machine actively refused it.
INFO : 2023/07/05 18:06:33.197633 main.go:62: Завершение работы приложения
INFO : 2023/07/05 18:11:14.269098 main.go:39: Запуск драйвера KKT
INFO : 2023/07/05 18:11:14.270183 main.go:54: Начало работы приложения
WARN : 2023/07/05 18:11:15.010410 controller.go:146: Попытка закрыть поток, который еще не создан!
INFO : 2023/07/05 18:14:18.727864 controller.go:128: Запущен поток прослушивания по адресу: https://tiplace.ru/
INFO : 2023/07/05 18:14:18.728371 s_client.go:37: Установлена длительность попытки запроса на 5s
ERROR: 2023/07/05 18:18:27.133345 s_client.go:104: Во время запроса к данным заказа произошла ошибка: Status Code: 500 Message: Некорректный код статуса ответа Error: internal server error
WARN : 2023/07/05 18:18:27.134347 s_client.go:105: [Операция закончилась неуспешно, запуск повторных попыток подключения]
ERROR: 2023/07/05 18:18:29.490996 s_client.go:107: [Попытка номер 1] -> Ошибка: Status Code: 500 Message: Некорректный код статуса ответа Error: internal server error
ERROR: 2023/07/05 18:18:31.836351 s_client.go:107: [Попытка номер 2] -> Ошибка: Status Code: 500 Message: Некорректный код статуса ответа Error: internal server error
ERROR: 2023/07/05 18:18:34.208723 s_client.go:107: [Попытка номер 3] -> Ошибка: Status Code: 500 Message: Некорректный код статуса ответа Error: internal server error
ERROR: 2023/07/05 18:18:36.563197 s_client.go:107: [Попытка номер 4] -> Ошибка: Status Code: 500 Message: Некорректный код статуса ответа Error: internal server error
ERROR: 2023/07/05 18:18:38.565238 s_client.go:123: [Попытки закончены неудачно] -> ID: 186079, UUID: 54392, ERR: Status Code: 500 Message: Некорректный код статуса ответа Error: internal server error
INFO : 2023/07/05 18:18:38.566216 controller.go:141: Остановлен поток прослушивания по адресу: https://tiplace.ru/
INFO : 2023/07/05 18:19:18.206174 controller.go:128: Запущен поток прослушивания по адресу: https://tiplace.ru/
INFO : 2023/07/05 18:19:18.206691 s_client.go:37: Установлена длительность попытки запроса на 20s
INFO : 2023/07/05 18:19:18.801692 controller.go:141: Остановлен поток прослушивания по адресу: https://tiplace.ru/
INFO : 2023/07/05 18:19:28.007671 controller.go:128: Запущен поток прослушивания по адресу: https://tiplace.ru/
INFO : 2023/07/05 18:19:28.007671 s_client.go:37: Установлена длительность попытки запроса на 1m0s
WARN : 2023/07/05 18:19:32.335285 controller.go:197: Попытка распечатать дупликат чека с ID: 186079, OrderID: 54393
WARN : 2023/07/05 18:19:32.335285 controller.go:199: Игнорирование печати дупликата с ID: 186079, OrderID: 54393 - чек был отправлен на печать меньше 15 секунд назад
INFO : 2023/07/05 18:20:32.670249 s_fptr.go:84: Успешное закрытие смены
INFO : 2023/07/05 18:20:32.670249 controller.go:141: Остановлен поток прослушивания по адресу: https://tiplace.ru/
INFO : 2023/07/05 18:20:32.671251 controller.go:119: Произошел успешный выход из сессии с закрытием смены
INFO : 2023/07/05 18:20:44.864255 controller.go:128: Запущен поток прослушивания по адресу: https://tiplace.ru/
INFO : 2023/07/05 18:20:44.864778 s_client.go:37: Установлена длительность попытки запроса на 1m0s
WARN : 2023/07/05 18:21:41.191428 controller.go:197: Попытка распечатать дупликат чека с ID: 186079, OrderID: 54394
INFO : 2023/07/05 18:21:44.253623 controller.go:221: Принят к печати пользователем
INFO : 2023/07/05 18:22:04.590201 s_client.go:144: Выполнена печать чека заказа с номером: 186079, uuid: 54394
WARN : 2023/07/05 18:22:39.336120 controller.go:197: Попытка распечатать дупликат чека с ID: 186079, OrderID: 54395
INFO : 2023/07/05 18:22:44.805176 controller.go:221: Принят к печати пользователем
ERROR: 2023/07/05 18:23:15.796776 s_client.go:140: Ошибка во время печати билета с номером 186079, uuid: 54395 : Post "http://localhost:12113/print": context deadline exceeded (Client.Timeout exceeded while awaiting headers)
INFO : 2023/07/05 18:36:44.822916 controller.go:141: Остановлен поток прослушивания по адресу: https://tiplace.ru/
INFO : 2023/07/05 19:45:50.874729 main.go:62: Завершение работы приложения
INFO : 2023/07/05 20:00:07.000655 main.go:39: Запуск драйвера KKT
INFO : 2023/07/05 20:00:07.001713 main.go:54: Начало работы приложения
WARN : 2023/07/05 20:00:07.792016 controller.go:146: Попытка закрыть поток, который еще не создан!
INFO : 2023/07/05 20:00:15.286792 controller.go:128: Запущен поток прослушивания по адресу: https://tiplace.ru/
INFO : 2023/07/05 20:00:15.287794 s_client.go:37: Установлена длительность попытки запроса на 1m0s
INFO : 2023/07/05 20:00:56.389432 controller.go:141: Остановлен поток прослушивания по адресу: https://tiplace.ru/
INFO : 2023/07/05 20:01:26.745164 main.go:62: Завершение работы приложения
