INFO : 2023/07/03 02:48:30.862529 main.go:39: Запуск драйвера KKT
INFO : 2023/07/03 02:48:30.863046 main.go:54: Начало работы приложения
WARN : 2023/07/03 02:48:31.629093 controller.go:146: Попытка закрыть поток, который еще не создан!
INFO : 2023/07/03 02:49:01.642150 main.go:62: Завершение работы приложения
INFO : 2023/07/03 02:49:47.021353 main.go:39: Запуск драйвера KKT
INFO : 2023/07/03 02:49:47.022340 main.go:54: Начало работы приложения
WARN : 2023/07/03 02:49:47.758780 controller.go:146: Попытка закрыть поток, который еще не создан!
INFO : 2023/07/03 02:50:13.360714 main.go:62: Завершение работы приложения
INFO : 2023/07/03 23:20:52.770073 main.go:39: Запуск драйвера KKT
INFO : 2023/07/03 23:20:52.771654 main.go:54: Начало работы приложения
WARN : 2023/07/03 23:20:53.563933 controller.go:146: Попытка закрыть поток, который еще не создан!
ERROR: 2023/07/03 23:21:13.332729 s_client.go:248: Во время авторизации произошла ошибка: Status Code: 403 Message: Некорректный код статуса ответа Error: default http response status code error
WARN : 2023/07/03 23:21:13.332729 s_client.go:249: [Операция закончилась неуспешно, запуск повторных попыток подключения]
ERROR: 2023/07/03 23:21:16.322587 s_client.go:251: [Попытка номер 1] -> Ошибка: Status Code: 403 Message: Некорректный код статуса ответа Error: default http response status code error
ERROR: 2023/07/03 23:21:19.149766 s_client.go:251: [Попытка номер 2] -> Ошибка: Status Code: 403 Message: Некорректный код статуса ответа Error: default http response status code error
ERROR: 2023/07/03 23:21:22.405129 s_client.go:251: [Попытка номер 3] -> Ошибка: Status Code: 403 Message: Некорректный код статуса ответа Error: default http response status code error
ERROR: 2023/07/03 23:21:25.704417 s_client.go:251: [Попытка номер 4] -> Ошибка: Status Code: 403 Message: Некорректный код статуса ответа Error: default http response status code error
ERROR: 2023/07/03 23:21:27.706706 s_client.go:266: [Попытки завершились неудачно] -> Во время авторизации произошла ошибка: Status Code: 403 Message: Некорректный код статуса ответа Error: default http response status code error
INFO : 2023/07/03 23:22:01.526524 s_fptr.go:84: Успешное закрытие смены
INFO : 2023/07/03 23:22:06.084663 controller.go:128: Запущен поток прослушивания по адресу: https://tiplace.ru/
INFO : 2023/07/03 23:22:06.084663 s_client.go:37: Установлена длительность попытки запроса на 5s
WARN : 2023/07/03 23:24:21.833683 controller.go:197: Попытка распечатать дупликат чека с ID: 186067, OrderID: 54333
INFO : 2023/07/03 23:24:30.477626 controller.go:221: Принят к печати пользователем
WARN : 2023/07/03 23:24:32.767272 s_client.go:130: Ошибка во время печати чека продажи заказа с номером 186067, uuid: 54333, ККТ: Message: Чек не печатается по причине: заказ с необрабатываемой формой оплаты Error: error of business validation
WARN : 2023/07/03 23:24:46.796455 controller.go:197: Попытка распечатать дупликат чека с ID: 186067, OrderID: 54334
INFO : 2023/07/03 23:24:48.845569 controller.go:221: Принят к печати пользователем
INFO : 2023/07/03 23:24:52.690274 s_client.go:136: Выполнена печать чека заказа с номером: 186067, uuid: 54334
