WARN : 2023/04/01 16:07:54.090003 middleware.go:79: Происходит загрузка отсутствующего файла - ./content/system/icon/main.png
INFO : 2023/04/01 16:07:54.545192 middleware.go:85: Файл скачался
WARN : 2023/04/01 16:07:54.545192 middleware.go:79: Происходит загрузка отсутствующего файла - ./content/system/icon/logo.png
INFO : 2023/04/01 16:07:54.660118 middleware.go:85: Файл скачался
INFO : 2023/04/01 16:07:54.669883 main.go:43: Запуск драйвера KKT
INFO : 2023/04/01 16:07:54.672626 main.go:52: Начало работы приложения
INFO : 2023/04/01 16:07:55.984255 fyne.go:230: Данные из сессии подгрузились. Успешная авторизация под пользователем Бушкова Т.В.
INFO : 2023/04/01 16:08:16.538086 action.go:41: Запрос на внесение: 12.000000 руб.
INFO : 2023/04/01 16:08:17.985147 s_fptr.go:96: Успешное внесение в кассу
INFO : 2023/04/01 16:08:47.488626 action.go:41: Запрос на внесение: 122.000000 руб.
INFO : 2023/04/01 16:08:48.943099 s_fptr.go:96: Успешное внесение в кассу
INFO : 2023/04/01 16:08:51.858772 action.go:41: Запрос на внесение: 122.000000 руб.
INFO : 2023/04/01 16:08:53.314008 s_fptr.go:96: Успешное внесение в кассу
INFO : 2023/04/01 16:08:53.314008 action.go:41: Запрос на внесение: 122.000000 руб.
INFO : 2023/04/01 16:08:54.760235 s_fptr.go:96: Успешное внесение в кассу
INFO : 2023/04/01 16:08:54.760235 action.go:41: Запрос на внесение: 122.000000 руб.
INFO : 2023/04/01 16:08:56.206203 s_fptr.go:96: Успешное внесение в кассу
INFO : 2023/04/01 16:08:56.206472 action.go:41: Запрос на внесение: 122.000000 руб.
INFO : 2023/04/01 16:08:57.651560 s_fptr.go:96: Успешное внесение в кассу
INFO : 2023/04/01 16:08:57.652567 action.go:41: Запрос на внесение: 122.000000 руб.
INFO : 2023/04/01 16:08:59.098075 s_fptr.go:96: Успешное внесение в кассу
INFO : 2023/04/01 16:08:59.098075 action.go:41: Запрос на внесение: 122.000000 руб.
INFO : 2023/04/01 16:09:00.542961 s_fptr.go:96: Успешное внесение в кассу
INFO : 2023/04/01 16:09:00.542961 action.go:41: Запрос на внесение: 122.000000 руб.
INFO : 2023/04/01 16:09:01.990092 s_fptr.go:96: Успешное внесение в кассу
INFO : 2023/04/01 16:09:01.990622 action.go:41: Запрос на внесение: 122.000000 руб.
INFO : 2023/04/01 16:09:03.435619 s_fptr.go:96: Успешное внесение в кассу
INFO : 2023/04/01 16:09:03.436630 action.go:41: Запрос на внесение: 122.000000 руб.
INFO : 2023/04/01 16:09:04.882168 s_fptr.go:96: Успешное внесение в кассу
INFO : 2023/04/01 16:09:04.882168 action.go:41: Запрос на внесение: 122.000000 руб.
INFO : 2023/04/01 16:09:06.327981 s_fptr.go:96: Успешное внесение в кассу
INFO : 2023/04/01 16:09:06.327981 action.go:41: Запрос на внесение: 122.000000 руб.
INFO : 2023/04/01 16:09:07.773647 s_fptr.go:96: Успешное внесение в кассу
INFO : 2023/04/01 16:09:07.773647 action.go:41: Запрос на внесение: 122.000000 руб.
INFO : 2023/04/01 16:09:09.217793 s_fptr.go:96: Успешное внесение в кассу
INFO : 2023/04/01 16:09:09.218214 action.go:41: Запрос на внесение: 122.000000 руб.
INFO : 2023/04/01 16:09:10.662252 s_fptr.go:96: Успешное внесение в кассу
INFO : 2023/04/01 16:09:10.663251 action.go:41: Запрос на внесение: 122.000000 руб.
INFO : 2023/04/01 16:09:12.109289 s_fptr.go:96: Успешное внесение в кассу
INFO : 2023/04/01 16:09:12.109289 action.go:41: Запрос на внесение: 122.000000 руб.
INFO : 2023/04/01 16:09:13.557059 s_fptr.go:96: Успешное внесение в кассу
INFO : 2023/04/01 16:09:13.557059 action.go:41: Запрос на внесение: 122.000000 руб.
INFO : 2023/04/01 16:09:15.003118 s_fptr.go:96: Успешное внесение в кассу
INFO : 2023/04/01 16:09:15.004122 action.go:41: Запрос на внесение: 122.000000 руб.
INFO : 2023/04/01 16:09:16.449828 s_fptr.go:96: Успешное внесение в кассу
INFO : 2023/04/01 16:09:16.451207 action.go:41: Запрос на внесение: 122.000000 руб.
INFO : 2023/04/01 16:09:17.884087 s_fptr.go:96: Успешное внесение в кассу
INFO : 2023/04/01 16:09:17.885086 action.go:41: Запрос на внесение: 122.000000 руб.
INFO : 2023/04/01 16:09:19.328269 s_fptr.go:96: Успешное внесение в кассу
INFO : 2023/04/01 16:09:19.328269 action.go:41: Запрос на внесение: 122.000000 руб.
INFO : 2023/04/01 16:09:20.773963 s_fptr.go:96: Успешное внесение в кассу
INFO : 2023/04/01 16:09:20.773963 action.go:41: Запрос на внесение: 122.000000 руб.
INFO : 2023/04/01 16:09:22.220889 s_fptr.go:96: Успешное внесение в кассу
INFO : 2023/04/01 16:09:22.221398 action.go:41: Запрос на внесение: 122.000000 руб.
INFO : 2023/04/01 16:09:23.673552 s_fptr.go:96: Успешное внесение в кассу
INFO : 2023/04/01 16:09:23.673552 action.go:41: Запрос на внесение: 122.000000 руб.
INFO : 2023/04/01 16:09:25.116567 s_fptr.go:96: Успешное внесение в кассу
INFO : 2023/04/01 16:09:25.116567 action.go:41: Запрос на внесение: 122.000000 руб.
INFO : 2023/04/01 16:09:26.560620 s_fptr.go:96: Успешное внесение в кассу
INFO : 2023/04/01 16:09:26.560620 action.go:41: Запрос на внесение: 122.000000 руб.
INFO : 2023/04/01 16:09:28.008893 s_fptr.go:96: Успешное внесение в кассу
INFO : 2023/04/01 16:09:28.008893 action.go:41: Запрос на внесение: 122.000000 руб.
INFO : 2023/04/01 16:09:29.463288 s_fptr.go:96: Успешное внесение в кассу
INFO : 2023/04/01 16:09:29.464291 action.go:41: Запрос на внесение: 122.000000 руб.
INFO : 2023/04/01 16:09:30.908467 s_fptr.go:96: Успешное внесение в кассу
INFO : 2023/04/01 16:09:30.908467 action.go:41: Запрос на внесение: 122.000000 руб.
INFO : 2023/04/01 16:09:32.353155 s_fptr.go:96: Успешное внесение в кассу
INFO : 2023/04/01 16:09:32.353960 action.go:41: Запрос на внесение: 122.000000 руб.
INFO : 2023/04/01 16:09:33.799130 s_fptr.go:96: Успешное внесение в кассу
INFO : 2023/04/01 16:09:33.799833 action.go:41: Запрос на внесение: 122.000000 руб.
INFO : 2023/04/01 16:09:35.245771 s_fptr.go:96: Успешное внесение в кассу
INFO : 2023/04/01 16:09:35.245771 action.go:41: Запрос на внесение: 122.000000 руб.
INFO : 2023/04/01 16:09:36.690572 s_fptr.go:96: Успешное внесение в кассу
INFO : 2023/04/01 16:09:36.692082 action.go:41: Запрос на внесение: 122.000000 руб.
INFO : 2023/04/01 16:09:38.137333 s_fptr.go:96: Успешное внесение в кассу
INFO : 2023/04/01 16:09:38.137800 action.go:41: Запрос на внесение: 122.000000 руб.
INFO : 2023/04/01 16:10:23.360308 main.go:66: Завершение работы приложения
WARN : 2023/04/01 16:10:45.581085 middleware.go:79: Происходит загрузка отсутствующего файла - ./content/system/icon/logo.png
INFO : 2023/04/01 16:10:46.225708 middleware.go:85: Файл скачался
WARN : 2023/04/01 16:10:46.226217 middleware.go:79: Происходит загрузка отсутствующего файла - ./content/system/icon/main.png
INFO : 2023/04/01 16:10:46.592961 middleware.go:85: Файл скачался
INFO : 2023/04/01 16:10:46.602602 main.go:43: Запуск драйвера KKT
INFO : 2023/04/01 16:10:46.603136 main.go:52: Начало работы приложения
INFO : 2023/04/01 16:10:47.908612 fyne.go:230: Данные из сессии подгрузились. Успешная авторизация под пользователем Бушкова Т.В.
INFO : 2023/04/01 16:13:42.842954 main.go:66: Завершение работы приложения
INFO : 2023/04/01 16:13:51.450499 main.go:43: Запуск драйвера KKT
INFO : 2023/04/01 16:13:51.451592 main.go:52: Начало работы приложения
INFO : 2023/04/01 16:13:52.729491 fyne.go:230: Данные из сессии подгрузились. Успешная авторизация под пользователем Бушкова Т.В.
INFO : 2023/04/01 16:13:57.336085 main.go:66: Завершение работы приложения
WARN : 2023/04/01 16:14:10.508302 middleware.go:71: Отсутствует файл ./content/system/icon/logo.png
WARN : 2023/04/01 16:14:10.509312 middleware.go:71: Отсутствует файл ./content/system/icon/main.png
WARN : 2023/04/01 16:14:10.509312 middleware.go:79: Происходит загрузка отсутствующего файла - ./content/system/icon/logo.png
INFO : 2023/04/01 16:14:10.972201 middleware.go:85: Файл скачался
WARN : 2023/04/01 16:14:10.972709 middleware.go:79: Происходит загрузка отсутствующего файла - ./content/system/icon/main.png
INFO : 2023/04/01 16:14:11.199744 middleware.go:85: Файл скачался
INFO : 2023/04/01 16:14:11.209434 main.go:43: Запуск драйвера KKT
INFO : 2023/04/01 16:14:11.209972 main.go:52: Начало работы приложения
INFO : 2023/04/01 16:14:12.496354 fyne.go:230: Данные из сессии подгрузились. Успешная авторизация под пользователем Бушкова Т.В.
INFO : 2023/04/01 16:14:59.362936 action.go:209: Запуск центра обновлений
INFO : 2023/04/01 16:16:13.790564 action.go:209: Запуск центра обновлений
INFO : 2023/04/01 16:16:14.846291 action.go:209: Запуск центра обновлений
INFO : 2023/04/01 16:16:15.284151 action.go:209: Запуск центра обновлений
INFO : 2023/04/01 16:18:38.120261 main.go:66: Завершение работы приложения
INFO : 2023/04/01 16:18:46.106682 main.go:43: Запуск драйвера KKT
INFO : 2023/04/01 16:18:46.107762 main.go:52: Начало работы приложения
INFO : 2023/04/01 16:18:47.378466 fyne.go:230: Данные из сессии подгрузились. Успешная авторизация под пользователем Бушкова Т.В.
ERROR: 2023/04/01 16:18:49.502538 action.go:194: Ошибка при запуске центра обновления: CreateFile ./updater_windows_amd64.exe: The system cannot find the file specified.
INFO : 2023/04/01 16:19:13.466578 main.go:66: Завершение работы приложения
INFO : 2023/04/01 16:29:35.272690 main.go:43: Запуск драйвера KKT
INFO : 2023/04/01 16:29:35.274395 main.go:52: Начало работы приложения
INFO : 2023/04/01 16:29:36.576884 fyne.go:230: Данные из сессии подгрузились. Успешная авторизация под пользователем Бушкова Т.В.
INFO : 2023/04/01 16:29:43.732241 controller.go:140: Остановлен поток прослушивания по адресу: http://188.225.26.201/
INFO : 2023/04/01 16:29:50.047570 main.go:66: Завершение работы приложения
INFO : 2023/04/01 19:03:02.491880 main.go:43: Запуск драйвера KKT
INFO : 2023/04/01 19:03:02.494880 main.go:52: Начало работы приложения
WARN : 2023/04/01 19:03:02.884324 controller.go:145: Попытка закрыть поток, который еще не создан!
INFO : 2023/04/01 19:03:08.181105 controller.go:127: Запущен поток прослушивания по адресу: http://188.225.26.201/
INFO : 2023/04/01 19:03:08.181644 s_client.go:37: Установлена длительность попытки запроса на 5s
INFO : 2023/04/01 19:05:55.694298 main.go:66: Завершение работы приложения
INFO : 2023/04/01 19:06:05.193939 main.go:43: Запуск драйвера KKT
INFO : 2023/04/01 19:06:05.195453 main.go:52: Начало работы приложения
INFO : 2023/04/01 19:06:06.533152 fyne.go:230: Данные из сессии подгрузились. Успешная авторизация под пользователем Бушкова Т.В.
INFO : 2023/04/01 19:06:13.856440 main.go:66: Завершение работы приложения
INFO : 2023/04/01 19:06:39.168244 main.go:43: Запуск драйвера KKT
INFO : 2023/04/01 19:06:39.170764 main.go:52: Начало работы приложения
INFO : 2023/04/01 19:06:40.455662 fyne.go:230: Данные из сессии подгрузились. Успешная авторизация под пользователем Бушкова Т.В.
INFO : 2023/04/01 19:06:45.180692 main.go:66: Завершение работы приложения
INFO : 2023/04/01 19:06:55.749894 main.go:43: Запуск драйвера KKT
INFO : 2023/04/01 19:06:55.751986 main.go:52: Начало работы приложения
INFO : 2023/04/01 19:06:57.071196 fyne.go:230: Данные из сессии подгрузились. Успешная авторизация под пользователем Бушкова Т.В.
INFO : 2023/04/01 19:07:23.483732 main.go:66: Завершение работы приложения
INFO : 2023/04/01 19:07:47.038870 main.go:43: Запуск драйвера KKT
INFO : 2023/04/01 19:07:47.040456 main.go:52: Начало работы приложения
INFO : 2023/04/01 19:07:48.352111 fyne.go:230: Данные из сессии подгрузились. Успешная авторизация под пользователем Бушкова Т.В.
INFO : 2023/04/01 19:08:13.499825 main.go:66: Завершение работы приложения
INFO : 2023/04/01 19:08:22.274547 main.go:43: Запуск драйвера KKT
INFO : 2023/04/01 19:08:22.276061 main.go:52: Начало работы приложения
INFO : 2023/04/01 19:08:23.574390 fyne.go:230: Данные из сессии подгрузились. Успешная авторизация под пользователем Бушкова Т.В.
INFO : 2023/04/01 19:09:04.717631 main.go:66: Завершение работы приложения
INFO : 2023/04/01 19:09:12.394501 main.go:43: Запуск драйвера KKT
INFO : 2023/04/01 19:09:12.395580 main.go:52: Начало работы приложения
INFO : 2023/04/01 19:09:13.694730 fyne.go:230: Данные из сессии подгрузились. Успешная авторизация под пользователем Бушкова Т.В.
INFO : 2023/04/01 19:09:47.407503 main.go:66: Завершение работы приложения
INFO : 2023/04/01 19:09:54.901157 main.go:43: Запуск драйвера KKT
INFO : 2023/04/01 19:09:54.901157 main.go:52: Начало работы приложения
INFO : 2023/04/01 19:09:56.287917 fyne.go:230: Данные из сессии подгрузились. Успешная авторизация под пользователем Бушкова Т.В.
ERROR: 2023/04/01 19:10:37.798086 action.go:194: Ошибка при запуске центра обновления: CreateFile ./updater_windows_amd64.exe: The system cannot find the file specified.
INFO : 2023/04/01 19:18:51.411083 main.go:66: Завершение работы приложения
