INFO : 2023/10/22 12:52:43.588746 main.go:41: Запуск драйвера KKT
INFO : 2023/10/22 12:52:43.591749 main.go:56: Начало работы приложения
WARN : 2023/10/22 12:52:43.876381 controller.go:155: Попытка закрыть поток, который еще не создан!
WARN : 2023/10/22 12:52:55.418667 s_fptr.go:61: Не можем открыть смену: Смена открыта, операция невозможна
INFO : 2023/10/22 12:52:59.287748 s_fptr.go:67: Попытка закрытия смены закончилось удачно: <nil>
INFO : 2023/10/22 12:53:01.471711 s_fptr.go:73: Попытка открытия смены закончилось удачно: <nil>
INFO : 2023/10/22 12:53:01.764000 controller.go:137: Запущен поток прослушивания по адресу: https://tiplace.ru
INFO : 2023/10/22 12:53:01.764000 s_client.go:39: Установлена длительность попытки запроса на 20s
INFO : 2023/10/22 12:53:47.238438 main.go:64: Завершение работы приложения
INFO : 2023/10/22 12:59:38.192695 main.go:41: Запуск драйвера KKT
INFO : 2023/10/22 12:59:38.193694 main.go:56: Начало работы приложения
INFO : 2023/10/22 12:59:38.851595 fyne.go:306: Данные из сессии подгрузились. Успешная авторизация под пользователем Админ
INFO : 2023/10/22 13:00:07.477508 controller.go:150: Остановлен поток прослушивания по адресу: https://tiplace.ru
INFO : 2023/10/22 13:00:11.947813 main.go:64: Завершение работы приложения
INFO : 2023/10/22 13:00:19.440228 main.go:41: Запуск драйвера KKT
INFO : 2023/10/22 13:00:19.441837 main.go:56: Начало работы приложения
WARN : 2023/10/22 13:00:19.663993 controller.go:155: Попытка закрыть поток, который еще не создан!
INFO : 2023/10/22 13:00:31.558346 controller.go:137: Запущен поток прослушивания по адресу: https://tiplace.ru
INFO : 2023/10/22 13:00:31.559857 s_client.go:39: Установлена длительность попытки запроса на 20s
INFO : 2023/10/22 13:01:12.890493 controller.go:150: Остановлен поток прослушивания по адресу: https://tiplace.ru
INFO : 2023/10/22 13:01:35.273041 controller.go:137: Запущен поток прослушивания по адресу: https://tiplace.ru
INFO : 2023/10/22 13:01:35.273041 s_client.go:39: Установлена длительность попытки запроса на 20s
INFO : 2023/10/22 13:01:39.835621 controller.go:150: Остановлен поток прослушивания по адресу: https://tiplace.ru
INFO : 2023/10/22 13:01:41.039145 main.go:64: Завершение работы приложения
INFO : 2023/10/22 13:02:20.047603 main.go:41: Запуск драйвера KKT
INFO : 2023/10/22 13:02:20.049295 main.go:56: Начало работы приложения
WARN : 2023/10/22 13:02:20.278059 controller.go:155: Попытка закрыть поток, который еще не создан!
INFO : 2023/10/22 13:03:06.589037 main.go:64: Завершение работы приложения
INFO : 2023/10/22 13:06:03.715682 main.go:41: Запуск драйвера KKT
INFO : 2023/10/22 13:06:03.717282 main.go:56: Начало работы приложения
WARN : 2023/10/22 13:06:03.964871 controller.go:155: Попытка закрыть поток, который еще не создан!
INFO : 2023/10/22 13:27:45.011999 main.go:64: Завершение работы приложения
INFO : 2023/10/22 13:27:53.186739 main.go:41: Запуск драйвера KKT
INFO : 2023/10/22 13:27:53.188726 main.go:56: Начало работы приложения
WARN : 2023/10/22 13:27:53.421460 controller.go:155: Попытка закрыть поток, который еще не создан!
INFO : 2023/10/22 13:27:59.633019 controller.go:137: Запущен поток прослушивания по адресу: https://tiplace.ru
INFO : 2023/10/22 13:27:59.634312 s_client.go:39: Установлена длительность попытки запроса на 20s
INFO : 2023/10/22 13:31:02.347597 main.go:64: Завершение работы приложения
INFO : 2023/10/22 13:31:11.738401 main.go:41: Запуск драйвера KKT
INFO : 2023/10/22 13:31:11.740408 main.go:56: Начало работы приложения
INFO : 2023/10/22 13:31:12.371116 fyne.go:317: Данные из сессии подгрузились. Успешная авторизация под пользователем Админ
INFO : 2023/10/22 13:31:15.134103 main.go:64: Завершение работы приложения
INFO : 2023/10/22 13:31:21.937023 main.go:41: Запуск драйвера KKT
INFO : 2023/10/22 13:31:21.938684 main.go:56: Начало работы приложения
INFO : 2023/10/22 13:31:22.589835 fyne.go:317: Данные из сессии подгрузились. Успешная авторизация под пользователем Админ
INFO : 2023/10/22 13:34:01.296869 main.go:64: Завершение работы приложения
INFO : 2023/10/22 13:34:11.158344 main.go:41: Запуск драйвера KKT
INFO : 2023/10/22 13:34:11.159342 main.go:56: Начало работы приложения
INFO : 2023/10/22 13:34:11.827575 fyne.go:317: Данные из сессии подгрузились. Успешная авторизация под пользователем Админ
INFO : 2023/10/22 13:34:29.162111 main.go:64: Завершение работы приложения
INFO : 2023/10/22 13:34:38.386676 main.go:41: Запуск драйвера KKT
INFO : 2023/10/22 13:34:38.388458 main.go:56: Начало работы приложения
INFO : 2023/10/22 13:34:39.048336 fyne.go:317: Данные из сессии подгрузились. Успешная авторизация под пользователем Админ
INFO : 2023/10/22 13:35:04.247217 main.go:64: Завершение работы приложения
INFO : 2023/10/22 13:35:11.656802 main.go:41: Запуск драйвера KKT
INFO : 2023/10/22 13:35:11.658392 main.go:56: Начало работы приложения
INFO : 2023/10/22 13:35:12.274676 fyne.go:317: Данные из сессии подгрузились. Успешная авторизация под пользователем Админ
INFO : 2023/10/22 13:35:47.577686 main.go:64: Завершение работы приложения
INFO : 2023/10/22 13:40:11.928943 main.go:41: Запуск драйвера KKT
INFO : 2023/10/22 13:40:11.929951 main.go:56: Начало работы приложения
INFO : 2023/10/22 13:40:12.561100 fyne.go:317: Данные из сессии подгрузились. Успешная авторизация под пользователем Админ
INFO : 2023/10/22 13:40:56.108445 controller.go:150: Остановлен поток прослушивания по адресу: https://tiplace.ru
INFO : 2023/10/22 13:41:45.120357 main.go:64: Завершение работы приложения
INFO : 2023/10/22 13:41:52.645800 main.go:41: Запуск драйвера KKT
INFO : 2023/10/22 13:41:52.647363 main.go:56: Начало работы приложения
WARN : 2023/10/22 13:41:52.873599 controller.go:155: Попытка закрыть поток, который еще не создан!
INFO : 2023/10/22 13:41:58.590479 controller.go:137: Запущен поток прослушивания по адресу: https://tiplace.ru
INFO : 2023/10/22 13:41:58.590987 s_client.go:39: Установлена длительность попытки запроса на 20s
INFO : 2023/10/22 15:49:57.316202 main.go:64: Завершение работы приложения
